<?xml version="1.0" encoding="UTF-8"?>
<!-- Generated by org.testng.reporters.JUnitXMLReporter -->
<testsuite hostname="LAPTOP-02EF66VJ" ignored="1" name="ModuleOneTest" tests="2" failures="0" timestamp="2023-03-14T12:37:13 IST" time="19.449" errors="0">
  <testcase name="seleniumSearchTest" time="10.343" classname="testScripts.SampleOneTest"/>
  <testcase name="javaSearchTest" time="2.191" classname="testScripts.SampleOneTest"/>
  <testcase name="cucumberSearchTest" time="0.0" classname="testScripts.SampleOneTest">
    <ignored/>
  </testcase> <!-- cucumberSearchTest -->
</testsuite> <!-- ModuleOneTest -->
