<?xml version="1.0" encoding="UTF-8"?>
<testng-results skipped="0" failed="0" ignored="1" total="3" passed="2">
  <reporter-output>
  </reporter-output>
  <suite name="SampleSuite" duration-ms="15389" started-at="2023-03-14T18:12:32 IST" finished-at="2023-03-14T18:12:47 IST">
    <groups>
    </groups>
    <test name="ModuleOneTest" duration-ms="15389" started-at="2023-03-14T18:12:32 IST" finished-at="2023-03-14T18:12:47 IST">
      <class name="testScripts.SampleOneTest">
        <test-method status="PASS" signature="setup(java.lang.String)[pri:0, instance:testScripts.SampleOneTest@2a70a3d8]" name="setup" is-config="true" duration-ms="5649" started-at="2023-03-14T18:12:32 IST" finished-at="2023-03-14T18:12:37 IST">
          <params>
            <param index="0">
              <value>
                <![CDATA[edge]]>
              </value>
            </param>
          </params>
          <reporter-output>
          </reporter-output>
        </test-method> <!-- setup -->
        <test-method status="PASS" signature="seleniumSearchTest()[pri:0, instance:testScripts.SampleOneTest@2a70a3d8]" name="seleniumSearchTest" duration-ms="5787" started-at="2023-03-14T18:12:37 IST" finished-at="2023-03-14T18:12:43 IST">
          <reporter-output>
          </reporter-output>
        </test-method> <!-- seleniumSearchTest -->
        <test-method status="PASS" signature="javaSearchTest()[pri:0, instance:testScripts.SampleOneTest@2a70a3d8]" name="javaSearchTest" duration-ms="3706" started-at="2023-03-14T18:12:43 IST" depends-on-methods="testScripts.SampleOneTest.seleniumSearchTest" finished-at="2023-03-14T18:12:47 IST">
          <reporter-output>
          </reporter-output>
        </test-method> <!-- javaSearchTest -->
        <test-method status="PASS" signature="tearDown()[pri:0, instance:testScripts.SampleOneTest@2a70a3d8]" name="tearDown" is-config="true" duration-ms="166" started-at="2023-03-14T18:12:47 IST" finished-at="2023-03-14T18:12:47 IST">
          <reporter-output>
          </reporter-output>
        </test-method> <!-- tearDown -->
      </class> <!-- testScripts.SampleOneTest -->
    </test> <!-- ModuleOneTest -->
  </suite> <!-- SampleSuite -->
</testng-results>
