<?xml version="1.0" encoding="UTF-8"?>
<testng-results skipped="0" failed="0" ignored="1" total="3" passed="2">
  <reporter-output>
  </reporter-output>
  <suite name="SampleSuite" duration-ms="19449" started-at="2023-03-14T12:36:53 IST" finished-at="2023-03-14T12:37:13 IST">
    <groups>
    </groups>
    <test name="ModuleOneTest" duration-ms="19449" started-at="2023-03-14T12:36:53 IST" finished-at="2023-03-14T12:37:13 IST">
      <class name="testScripts.SampleOneTest">
        <test-method status="PASS" signature="setup(java.lang.String)[pri:0, instance:testScripts.SampleOneTest@8b87145]" name="setup" is-config="true" duration-ms="6733" started-at="2023-03-14T12:36:53 IST" finished-at="2023-03-14T12:37:00 IST">
          <params>
            <param index="0">
              <value>
                <![CDATA[edge]]>
              </value>
            </param>
          </params>
          <reporter-output>
          </reporter-output>
        </test-method> <!-- setup -->
        <test-method status="PASS" signature="seleniumSearchTest()[pri:0, instance:testScripts.SampleOneTest@8b87145]" name="seleniumSearchTest" duration-ms="10343" started-at="2023-03-14T12:37:00 IST" finished-at="2023-03-14T12:37:10 IST">
          <reporter-output>
          </reporter-output>
        </test-method> <!-- seleniumSearchTest -->
        <test-method status="PASS" signature="javaSearchTest()[pri:0, instance:testScripts.SampleOneTest@8b87145]" name="javaSearchTest" duration-ms="2191" started-at="2023-03-14T12:37:10 IST" depends-on-methods="testScripts.SampleOneTest.seleniumSearchTest" finished-at="2023-03-14T12:37:12 IST">
          <reporter-output>
          </reporter-output>
        </test-method> <!-- javaSearchTest -->
        <test-method status="PASS" signature="tearDown()[pri:0, instance:testScripts.SampleOneTest@8b87145]" name="tearDown" is-config="true" duration-ms="137" started-at="2023-03-14T12:37:12 IST" finished-at="2023-03-14T12:37:13 IST">
          <reporter-output>
          </reporter-output>
        </test-method> <!-- tearDown -->
      </class> <!-- testScripts.SampleOneTest -->
    </test> <!-- ModuleOneTest -->
  </suite> <!-- SampleSuite -->
</testng-results>
